<?xml version="1.0" encoding="UTF-8"?>
<!-- Generated by org.testng.reporters.JUnitReportReporter -->
<testsuite hostname="LAPTOP-5TSTS7CI" failures="0" tests="1" name="Practice_for_TestNG.NewTest_ConfifurationsAnnotationsEx1" time="0.006" errors="0" timestamp="2025-08-28T17:14:32 IST" skipped="0">
  <testcase classname="Practice_for_TestNG.NewTest_ConfifurationsAnnotationsEx1" name="Test" time="0.006"/>
</testsuite> <!-- Practice_for_TestNG.NewTest_ConfifurationsAnnotationsEx1 -->
