<?xml version="1.0" encoding="UTF-8"?>
<!-- Generated by org.testng.reporters.JUnitReportReporter -->
<testsuite hostname="LAPTOP-5TSTS7CI" failures="0" tests="1" name="com.ninza.crm.producttest.CreateProductTest" time="5.741" errors="0" timestamp="2025-09-13T17:54:31 IST" skipped="0">
  <testcase classname="com.ninza.crm.producttest.CreateProductTest" name="createProductWithMandatoryFieldTest" time="5.741"/>
</testsuite> <!-- com.ninza.crm.producttest.CreateProductTest -->
