<?xml version="1.0" encoding="UTF-8"?>
<!-- Generated by org.testng.reporters.JUnitReportReporter -->
<testsuite hostname="LAPTOP-5TSTS7CI" failures="0" tests="1" name="com.ninza.crm.campaignstest.Demo_assertions" time="0.008" errors="0" timestamp="2025-09-06T17:37:47 IST" skipped="0">
  <testcase classname="com.ninza.crm.campaignstest.Demo_assertions" name="test" time="0.008"/>
</testsuite> <!-- com.ninza.crm.campaignstest.Demo_assertions -->
